<?xml version="1.0" encoding="UTF-8"?>
<testsuite name="com.theZ.dotoring.controller.ControllerTest" tests="1" skipped="0" failures="0" errors="0" timestamp="2023-07-11T17:21:04" hostname="DESKTOP-2NULK4K" time="0.569">
  <properties/>
  <testcase name="Hello Test" classname="com.theZ.dotoring.controller.ControllerTest" time="0.569"/>
  <system-out><![CDATA[02:20:58.933 [Test worker] DEBUG org.springframework.test.context.BootstrapUtils - Instantiating CacheAwareContextLoaderDelegate from class [org.springframework.test.context.cache.DefaultCacheAwareContextLoaderDelegate]
02:20:58.947 [Test worker] DEBUG org.springframework.test.context.BootstrapUtils - Instantiating BootstrapContext using constructor [public org.springframework.test.context.support.DefaultBootstrapContext(java.lang.Class,org.springframework.test.context.CacheAwareContextLoaderDelegate)]
02:20:58.987 [Test worker] DEBUG org.springframework.test.context.BootstrapUtils - Instantiating TestContextBootstrapper for test class [com.theZ.dotoring.controller.ControllerTest] from class [org.springframework.boot.test.context.SpringBootTestContextBootstrapper]
02:20:58.996 [Test worker] INFO org.springframework.boot.test.context.SpringBootTestContextBootstrapper - Neither @ContextConfiguration nor @ContextHierarchy found for test class [com.theZ.dotoring.controller.ControllerTest], using SpringBootContextLoader
02:20:59.000 [Test worker] DEBUG org.springframework.test.context.support.AbstractContextLoader - Did not detect default resource location for test class [com.theZ.dotoring.controller.ControllerTest]: class path resource [com/theZ/dotoring/controller/ControllerTest-context.xml] does not exist
02:20:59.001 [Test worker] DEBUG org.springframework.test.context.support.AbstractContextLoader - Did not detect default resource location for test class [com.theZ.dotoring.controller.ControllerTest]: class path resource [com/theZ/dotoring/controller/ControllerTestContext.groovy] does not exist
02:20:59.001 [Test worker] INFO org.springframework.test.context.support.AbstractContextLoader - Could not detect default resource locations for test class [com.theZ.dotoring.controller.ControllerTest]: no resource found for suffixes {-context.xml, Context.groovy}.
02:20:59.002 [Test worker] INFO org.springframework.test.context.support.AnnotationConfigContextLoaderUtils - Could not detect default configuration classes for test class [com.theZ.dotoring.controller.ControllerTest]: ControllerTest does not declare any static, non-private, non-final, nested classes annotated with @Configuration.
02:20:59.068 [Test worker] DEBUG org.springframework.test.context.support.ActiveProfilesUtils - Could not find an 'annotation declaring class' for annotation type [org.springframework.test.context.ActiveProfiles] and class [com.theZ.dotoring.controller.ControllerTest]
02:20:59.123 [Test worker] DEBUG org.springframework.context.annotation.ClassPathScanningCandidateComponentProvider - Identified candidate component class: file [C:\Users\yardy\Desktop\Dotoring-BE\build\classes\java\main\com\theZ\dotoring\DotoringApplication.class]
02:20:59.124 [Test worker] INFO org.springframework.boot.test.context.SpringBootTestContextBootstrapper - Found @SpringBootConfiguration com.theZ.dotoring.DotoringApplication for test class com.theZ.dotoring.controller.ControllerTest
02:20:59.221 [Test worker] DEBUG org.springframework.boot.test.context.SpringBootTestContextBootstrapper - @TestExecutionListeners is not present for class [com.theZ.dotoring.controller.ControllerTest]: using defaults.
02:20:59.221 [Test worker] INFO org.springframework.boot.test.context.SpringBootTestContextBootstrapper - Loaded default TestExecutionListener class names from location [META-INF/spring.factories]: [org.springframework.boot.test.autoconfigure.restdocs.RestDocsTestExecutionListener, org.springframework.boot.test.autoconfigure.web.client.MockRestServiceServerResetTestExecutionListener, org.springframework.boot.test.autoconfigure.web.servlet.MockMvcPrintOnlyOnFailureTestExecutionListener, org.springframework.boot.test.autoconfigure.web.servlet.WebDriverTestExecutionListener, org.springframework.boot.test.autoconfigure.webservices.client.MockWebServiceServerTestExecutionListener, org.springframework.boot.test.mock.mockito.MockitoTestExecutionListener, org.springframework.boot.test.mock.mockito.ResetMocksTestExecutionListener, org.springframework.test.context.web.ServletTestExecutionListener, org.springframework.test.context.support.DirtiesContextBeforeModesTestExecutionListener, org.springframework.test.context.event.ApplicationEventsTestExecutionListener, org.springframework.test.context.support.DependencyInjectionTestExecutionListener, org.springframework.test.context.support.DirtiesContextTestExecutionListener, org.springframework.test.context.transaction.TransactionalTestExecutionListener, org.springframework.test.context.jdbc.SqlScriptsTestExecutionListener, org.springframework.test.context.event.EventPublishingTestExecutionListener]
02:20:59.240 [Test worker] INFO org.springframework.boot.test.context.SpringBootTestContextBootstrapper - Using TestExecutionListeners: [org.springframework.test.context.web.ServletTestExecutionListener@192f2f27, org.springframework.test.context.support.DirtiesContextBeforeModesTestExecutionListener@8a589a2, org.springframework.test.context.event.ApplicationEventsTestExecutionListener@c65a5ef, org.springframework.boot.test.mock.mockito.MockitoTestExecutionListener@6b5176f2, org.springframework.boot.test.autoconfigure.SpringBootDependencyInjectionTestExecutionListener@b672aa8, org.springframework.test.context.support.DirtiesContextTestExecutionListener@2fab4aff, org.springframework.test.context.transaction.TransactionalTestExecutionListener@ec0c838, org.springframework.test.context.jdbc.SqlScriptsTestExecutionListener@6e46d9f4, org.springframework.test.context.event.EventPublishingTestExecutionListener@5cc69cfe, org.springframework.boot.test.autoconfigure.restdocs.RestDocsTestExecutionListener@29cfd92b, org.springframework.boot.test.autoconfigure.web.client.MockRestServiceServerResetTestExecutionListener@21c64522, org.springframework.boot.test.autoconfigure.web.servlet.MockMvcPrintOnlyOnFailureTestExecutionListener@7997b197, org.springframework.boot.test.autoconfigure.web.servlet.WebDriverTestExecutionListener@11dee337, org.springframework.boot.test.autoconfigure.webservices.client.MockWebServiceServerTestExecutionListener@460f76a6, org.springframework.boot.test.mock.mockito.ResetMocksTestExecutionListener@55f3c410]
02:20:59.244 [Test worker] DEBUG org.springframework.test.context.support.AbstractDirtiesContextTestExecutionListener - Before test class: context [DefaultTestContext@2baa8d82 testClass = ControllerTest, testInstance = [null], testMethod = [null], testException = [null], mergedContextConfiguration = [WebMergedContextConfiguration@319dead1 testClass = ControllerTest, locations = '{}', classes = '{class com.theZ.dotoring.DotoringApplication}', contextInitializerClasses = '[]', activeProfiles = '{}', propertySourceLocations = '{}', propertySourceProperties = '{org.springframework.boot.test.context.SpringBootTestContextBootstrapper=true}', contextCustomizers = set[org.springframework.boot.test.autoconfigure.actuate.metrics.MetricsExportContextCustomizerFactory$DisableMetricExportContextCustomizer@6399551e, org.springframework.boot.test.autoconfigure.properties.PropertyMappingContextCustomizer@4b3fa0b3, org.springframework.boot.test.autoconfigure.web.servlet.WebDriverContextCustomizerFactory$Customizer@37091312, [ImportsContextCustomizer@791cbf87 key = [org.springframework.boot.test.autoconfigure.web.servlet.MockMvcAutoConfiguration, org.springframework.boot.test.autoconfigure.web.servlet.MockMvcWebClientAutoConfiguration, org.springframework.boot.test.autoconfigure.web.servlet.MockMvcWebDriverAutoConfiguration, org.springframework.boot.autoconfigure.security.oauth2.client.servlet.OAuth2ClientAutoConfiguration, org.springframework.boot.autoconfigure.security.oauth2.resource.servlet.OAuth2ResourceServerAutoConfiguration, org.springframework.boot.autoconfigure.security.servlet.SecurityAutoConfiguration, org.springframework.boot.autoconfigure.security.servlet.SecurityFilterAutoConfiguration, org.springframework.boot.autoconfigure.security.servlet.UserDetailsServiceAutoConfiguration, org.springframework.boot.test.autoconfigure.web.servlet.MockMvcSecurityConfiguration, org.springframework.boot.test.autoconfigure.web.reactive.WebTestClientAutoConfiguration]], org.springframework.boot.test.context.filter.ExcludeFilterContextCustomizer@6b3e12b5, org.springframework.boot.test.json.DuplicateJsonObjectContextCustomizerFactory$DuplicateJsonObjectContextCustomizer@61f05988, org.springframework.boot.test.mock.mockito.MockitoContextCustomizer@0, org.springframework.boot.test.web.client.TestRestTemplateContextCustomizer@47f4e407, org.springframework.boot.test.context.SpringBootTestArgs@1, org.springframework.boot.test.context.SpringBootTestWebEnvironment@242b836], resourceBasePath = 'src/main/webapp', contextLoader = 'org.springframework.boot.test.context.SpringBootContextLoader', parent = [null]], attributes = map['org.springframework.test.context.web.ServletTestExecutionListener.activateListener' -> true]], class annotated with @DirtiesContext [false] with mode [null].

  .   ____          _            __ _ _
 /\\ / ___'_ __ _ _(_)_ __  __ _ \ \ \ \
( ( )\___ | '_ | '_| | '_ \/ _` | \ \ \ \
 \\/  ___)| |_)| | | | | || (_| |  ) ) ) )
  '  |____| .__|_| |_|_| |_\__, | / / / /
 =========|_|==============|___/=/_/_/_/
 :: Spring Boot ::               (v2.7.11)

2023-07-12 02:20:59.585  INFO 7384 --- [    Test worker] c.t.dotoring.controller.ControllerTest   : Starting ControllerTest using Java 17.0.5 on DESKTOP-2NULK4K with PID 7384 (started by yardyard in C:\Users\yardy\Desktop\Dotoring-BE)
2023-07-12 02:20:59.586  INFO 7384 --- [    Test worker] c.t.dotoring.controller.ControllerTest   : No active profile set, falling back to 1 default profile: "default"
2023-07-12 02:21:00.542  INFO 7384 --- [    Test worker] .s.d.r.c.RepositoryConfigurationDelegate : Bootstrapping Spring Data JPA repositories in DEFAULT mode.
2023-07-12 02:21:00.674  INFO 7384 --- [    Test worker] .s.d.r.c.RepositoryConfigurationDelegate : Finished Spring Data repository scanning in 118 ms. Found 6 JPA repository interfaces.
2023-07-12 02:21:01.272  INFO 7384 --- [    Test worker] o.hibernate.jpa.internal.util.LogHelper  : HHH000204: Processing PersistenceUnitInfo [name: default]
2023-07-12 02:21:01.336  INFO 7384 --- [    Test worker] org.hibernate.Version                    : HHH000412: Hibernate ORM core version 5.6.15.Final
2023-07-12 02:21:01.550  INFO 7384 --- [    Test worker] o.hibernate.annotations.common.Version   : HCANN000001: Hibernate Commons Annotations {5.1.2.Final}
2023-07-12 02:21:01.686  INFO 7384 --- [    Test worker] com.zaxxer.hikari.HikariDataSource       : HikariPool-1 - Starting...
2023-07-12 02:21:01.767  INFO 7384 --- [    Test worker] com.zaxxer.hikari.HikariDataSource       : HikariPool-1 - Start completed.
2023-07-12 02:21:01.805  INFO 7384 --- [    Test worker] org.hibernate.dialect.Dialect            : HHH000400: Using dialect: org.hibernate.dialect.H2Dialect
2023-07-12 02:21:02.610 DEBUG 7384 --- [    Test worker] org.hibernate.SQL                        : 
    
    drop table if exists certification CASCADE 
2023-07-12 02:21:02.614 DEBUG 7384 --- [    Test worker] org.hibernate.SQL                        : 
    
    drop table if exists letter CASCADE 
2023-07-12 02:21:02.615 DEBUG 7384 --- [    Test worker] org.hibernate.SQL                        : 
    
    drop table if exists member CASCADE 
2023-07-12 02:21:02.615 DEBUG 7384 --- [    Test worker] org.hibernate.SQL                        : 
    
    drop table if exists room CASCADE 
2023-07-12 02:21:02.618 DEBUG 7384 --- [    Test worker] org.hibernate.SQL                        : 
    
    create table certification (
       id bigint generated by default as identity,
        created_at timestamp not null,
        delete_yn integer,
        deleted_at timestamp,
        original_file_name varchar(255),
        save_file_name varchar(255),
        member_fk bigint,
        primary key (id)
    )
2023-07-12 02:21:02.619 DEBUG 7384 --- [    Test worker] org.hibernate.SQL                        : 
    
    create table letter (
       letter_id bigint generated by default as identity,
        content varchar(255),
        created_at timestamp,
        updated_at timestamp,
        room_id bigint,
        writer_id bigint,
        primary key (letter_id)
    )
2023-07-12 02:21:02.622 DEBUG 7384 --- [    Test worker] org.hibernate.SQL                        : 
    
    create table member (
       dtype varchar(31) not null,
        member_id bigint generated by default as identity,
        created_at timestamp not null,
        updated_at timestamp,
        email varchar(255),
        introduction varchar(100),
        job varchar(255),
        login_id varchar(12),
        major varchar(255),
        nickname varchar(8),
        password varchar(12),
        profile_image varchar(255),
        status varchar(255),
        grade bigint,
        preferred_mentoring varchar(300),
        school varchar(255),
        career_level bigint,
        company varchar(255),
        mentoring_system varchar(300),
        primary key (member_id)
    )
2023-07-12 02:21:02.623 DEBUG 7384 --- [    Test worker] org.hibernate.SQL                        : 
    
    create table room (
       room_id bigint generated by default as identity,
        create_at timestamp,
        updated_at timestamp,
        receiver_id bigint,
        writer_id bigint,
        primary key (room_id)
    )
2023-07-12 02:21:02.623 DEBUG 7384 --- [    Test worker] org.hibernate.SQL                        : 
    
    alter table member 
       add constraint UK_enfm5patwjqulw8k4wwuo6f60 unique (login_id)
2023-07-12 02:21:02.624 DEBUG 7384 --- [    Test worker] org.hibernate.SQL                        : 
    
    alter table member 
       add constraint UK_hh9kg6jti4n1eoiertn2k6qsc unique (nickname)
2023-07-12 02:21:02.625 DEBUG 7384 --- [    Test worker] org.hibernate.SQL                        : 
    
    alter table certification 
       add constraint FKnjd4m3yhnbp6foaw9xypg2nnr 
       foreign key (member_fk) 
       references member
2023-07-12 02:21:02.626 DEBUG 7384 --- [    Test worker] org.hibernate.SQL                        : 
    
    alter table letter 
       add constraint FK4d0o2921yt17q21golr1gd2y7 
       foreign key (room_id) 
       references room
2023-07-12 02:21:02.627 DEBUG 7384 --- [    Test worker] org.hibernate.SQL                        : 
    
    alter table letter 
       add constraint FKgq6qqh5fok9uxp717vilmi1ci 
       foreign key (writer_id) 
       references member
2023-07-12 02:21:02.628 DEBUG 7384 --- [    Test worker] org.hibernate.SQL                        : 
    
    alter table room 
       add constraint FK71924h542cnvi4r1cmqolhe97 
       foreign key (receiver_id) 
       references member
2023-07-12 02:21:02.629 DEBUG 7384 --- [    Test worker] org.hibernate.SQL                        : 
    
    alter table room 
       add constraint FK4c28s8636132qe3sacs9e0ouu 
       foreign key (writer_id) 
       references member
2023-07-12 02:21:02.632  INFO 7384 --- [    Test worker] o.h.e.t.j.p.i.JtaPlatformInitiator       : HHH000490: Using JtaPlatform implementation: [org.hibernate.engine.transaction.jta.platform.internal.NoJtaPlatform]
2023-07-12 02:21:02.644  INFO 7384 --- [    Test worker] j.LocalContainerEntityManagerFactoryBean : Initialized JPA EntityManagerFactory for persistence unit 'default'
2023-07-12 02:21:03.852  WARN 7384 --- [    Test worker] JpaBaseConfiguration$JpaWebConfiguration : spring.jpa.open-in-view is enabled by default. Therefore, database queries may be performed during view rendering. Explicitly configure spring.jpa.open-in-view to disable this warning
2023-07-12 02:21:04.603  INFO 7384 --- [    Test worker] o.s.b.t.m.w.SpringBootMockServletContext : Initializing Spring TestDispatcherServlet ''
2023-07-12 02:21:04.603  INFO 7384 --- [    Test worker] o.s.t.web.servlet.TestDispatcherServlet  : Initializing Servlet ''
2023-07-12 02:21:04.604  INFO 7384 --- [    Test worker] o.s.t.web.servlet.TestDispatcherServlet  : Completed initialization in 1 ms
2023-07-12 02:21:04.625  INFO 7384 --- [    Test worker] c.t.dotoring.controller.ControllerTest   : Started ControllerTest in 5.343 seconds (JVM running for 6.619)
2023-07-12 02:21:04.669  INFO 7384 --- [    Test worker] o.s.t.c.transaction.TransactionContext   : Began transaction (1) for test context [DefaultTestContext@2baa8d82 testClass = ControllerTest, testInstance = com.theZ.dotoring.controller.ControllerTest@4bd1b07d, testMethod = Hello_Test@ControllerTest, testException = [null], mergedContextConfiguration = [WebMergedContextConfiguration@319dead1 testClass = ControllerTest, locations = '{}', classes = '{class com.theZ.dotoring.DotoringApplication}', contextInitializerClasses = '[]', activeProfiles = '{}', propertySourceLocations = '{}', propertySourceProperties = '{org.springframework.boot.test.context.SpringBootTestContextBootstrapper=true}', contextCustomizers = set[org.springframework.boot.test.autoconfigure.actuate.metrics.MetricsExportContextCustomizerFactory$DisableMetricExportContextCustomizer@6399551e, org.springframework.boot.test.autoconfigure.properties.PropertyMappingContextCustomizer@4b3fa0b3, org.springframework.boot.test.autoconfigure.web.servlet.WebDriverContextCustomizerFactory$Customizer@37091312, [ImportsContextCustomizer@791cbf87 key = [org.springframework.boot.test.autoconfigure.web.servlet.MockMvcAutoConfiguration, org.springframework.boot.test.autoconfigure.web.servlet.MockMvcWebClientAutoConfiguration, org.springframework.boot.test.autoconfigure.web.servlet.MockMvcWebDriverAutoConfiguration, org.springframework.boot.autoconfigure.security.oauth2.client.servlet.OAuth2ClientAutoConfiguration, org.springframework.boot.autoconfigure.security.oauth2.resource.servlet.OAuth2ResourceServerAutoConfiguration, org.springframework.boot.autoconfigure.security.servlet.SecurityAutoConfiguration, org.springframework.boot.autoconfigure.security.servlet.SecurityFilterAutoConfiguration, org.springframework.boot.autoconfigure.security.servlet.UserDetailsServiceAutoConfiguration, org.springframework.boot.test.autoconfigure.web.servlet.MockMvcSecurityConfiguration, org.springframework.boot.test.autoconfigure.web.reactive.WebTestClientAutoConfiguration]], org.springframework.boot.test.context.filter.ExcludeFilterContextCustomizer@6b3e12b5, org.springframework.boot.test.json.DuplicateJsonObjectContextCustomizerFactory$DuplicateJsonObjectContextCustomizer@61f05988, org.springframework.boot.test.mock.mockito.MockitoContextCustomizer@0, org.springframework.boot.test.web.client.TestRestTemplateContextCustomizer@47f4e407, org.springframework.boot.test.context.SpringBootTestArgs@1, org.springframework.boot.test.context.SpringBootTestWebEnvironment@242b836], resourceBasePath = 'src/main/webapp', contextLoader = 'org.springframework.boot.test.context.SpringBootContextLoader', parent = [null]], attributes = map['org.springframework.test.context.web.ServletTestExecutionListener.activateListener' -> true, 'org.springframework.test.context.web.ServletTestExecutionListener.populatedRequestContextHolder' -> true, 'org.springframework.test.context.web.ServletTestExecutionListener.resetRequestContextHolder' -> true, 'org.springframework.test.context.event.ApplicationEventsTestExecutionListener.recordApplicationEvents' -> false]]; transaction manager [org.springframework.orm.jpa.JpaTransactionManager@5ed88e31]; rollback [true]
2023-07-12 02:21:04.900 DEBUG 7384 --- [    Test worker] org.hibernate.SQL                        : 
    insert 
    into
        certification
        (id, created_at, delete_yn, deleted_at, member_fk, original_file_name, save_file_name) 
    values
        (default, ?, ?, ?, ?, ?, ?)
2023-07-12 02:21:04.919 DEBUG 7384 --- [    Test worker] org.hibernate.SQL                        : 
    insert 
    into
        certification
        (id, created_at, delete_yn, deleted_at, member_fk, original_file_name, save_file_name) 
    values
        (default, ?, ?, ?, ?, ?, ?)
2023-07-12 02:21:04.958 DEBUG 7384 --- [    Test worker] org.hibernate.SQL                        : 
    insert 
    into
        member
        (member_id, created_at, updated_at, email, introduction, job, login_id, major, nickname, password, profile_image, status, career_level, company, mentoring_system, dtype) 
    values
        (default, ?, ?, ?, ?, ?, ?, ?, ?, ?, ?, ?, ?, ?, ?, 'O')
2023-07-12 02:21:04.963 DEBUG 7384 --- [    Test worker] org.hibernate.SQL                        : 
    insert 
    into
        member
        (member_id, created_at, updated_at, email, introduction, job, login_id, major, nickname, password, profile_image, status, grade, preferred_mentoring, school, dtype) 
    values
        (default, ?, ?, ?, ?, ?, ?, ?, ?, ?, ?, ?, ?, ?, ?, 'I')
2023-07-12 02:21:05.001 DEBUG 7384 --- [    Test worker] org.hibernate.SQL                        : 
    select
        room0_.room_id as room_id1_3_,
        room0_.create_at as create_a2_3_,
        room0_.receiver_id as receiver4_3_,
        room0_.updated_at as updated_3_3_,
        room0_.writer_id as writer_i5_3_ 
    from
        room room0_ 
    where
        room0_.writer_id=? 
        and room0_.receiver_id=?
2023-07-12 02:21:05.008 DEBUG 7384 --- [    Test worker] org.hibernate.SQL                        : 
    insert 
    into
        room
        (room_id, create_at, receiver_id, updated_at, writer_id) 
    values
        (default, ?, ?, ?, ?)
room1.getWriter() : com.theZ.dotoring.app.mento.model.Mento@73d7e7aa
room1.getReceiver() : com.theZ.dotoring.app.menti.model.Menti@18419ab7
2023-07-12 02:21:05.016 DEBUG 7384 --- [    Test worker] org.hibernate.SQL                        : 
    insert 
    into
        letter
        (letter_id, content, created_at, room_id, updated_at, writer_id) 
    values
        (default, ?, ?, ?, ?, ?)
2023-07-12 02:21:05.019 DEBUG 7384 --- [    Test worker] org.hibernate.SQL                        : 
    insert 
    into
        letter
        (letter_id, content, created_at, room_id, updated_at, writer_id) 
    values
        (default, ?, ?, ?, ?, ?)
2023-07-12 02:21:05.021 DEBUG 7384 --- [    Test worker] org.hibernate.SQL                        : 
    insert 
    into
        letter
        (letter_id, content, created_at, room_id, updated_at, writer_id) 
    values
        (default, ?, ?, ?, ?, ?)
2023-07-12 02:21:05.022 DEBUG 7384 --- [    Test worker] org.hibernate.SQL                        : 
    insert 
    into
        letter
        (letter_id, content, created_at, room_id, updated_at, writer_id) 
    values
        (default, ?, ?, ?, ?, ?)
2023-07-12 02:21:05.034 DEBUG 7384 --- [    Test worker] org.hibernate.SQL                        : 
    update
        certification 
    set
        delete_yn=?,
        deleted_at=?,
        member_fk=?,
        original_file_name=?,
        save_file_name=? 
    where
        id=?
2023-07-12 02:21:05.037 DEBUG 7384 --- [    Test worker] org.hibernate.SQL                        : 
    update
        certification 
    set
        delete_yn=?,
        deleted_at=?,
        member_fk=?,
        original_file_name=?,
        save_file_name=? 
    where
        id=?
2023-07-12 02:21:05.042 DEBUG 7384 --- [    Test worker] org.hibernate.SQL                        : 
    select
        letter0_.letter_id as letter_i1_1_,
        letter0_.content as content2_1_,
        letter0_.created_at as created_3_1_,
        letter0_.room_id as room_id5_1_,
        letter0_.updated_at as updated_4_1_,
        letter0_.writer_id as writer_i6_1_ 
    from
        letter letter0_ 
    where
        letter0_.room_id=?
2023-07-12 02:21:05.048 DEBUG 7384 --- [    Test worker] org.hibernate.SQL                        : 
    select
        letter0_.letter_id as letter_i1_1_,
        letter0_.content as content2_1_,
        letter0_.created_at as created_3_1_,
        letter0_.room_id as room_id5_1_,
        letter0_.updated_at as updated_4_1_,
        letter0_.writer_id as writer_i6_1_ 
    from
        letter letter0_
letters.size() : 4
letters1.size() : 4
2023-07-12 02:21:05.120 DEBUG 7384 --- [    Test worker] org.hibernate.SQL                        : 
    select
        letter0_.letter_id as letter_i1_1_,
        letter0_.content as content2_1_,
        letter0_.created_at as created_3_1_,
        letter0_.room_id as room_id5_1_,
        letter0_.updated_at as updated_4_1_,
        letter0_.writer_id as writer_i6_1_ 
    from
        letter letter0_ 
    where
        letter0_.room_id=? 
    order by
        letter0_.created_at desc limit ?

MockHttpServletRequest:
      HTTP Method = GET
      Request URI = /api/mento/letter/1/1
       Parameters = {page=[0], size=[3]}
          Headers = []
             Body = null
    Session Attrs = {}

Handler:
             Type = com.theZ.dotoring.app.letter.controller.LetterFromMentoController
           Method = com.theZ.dotoring.app.letter.controller.LetterFromMentoController#getLetters(int, int, Long, Long)

Async:
    Async started = false
     Async result = null

Resolved Exception:
             Type = null

ModelAndView:
        View name = null
             View = null
            Model = null

FlashMap:
       Attributes = null

MockHttpServletResponse:
           Status = 200
    Error message = null
          Headers = [Content-Type:"application/json"]
     Content type = application/json
             Body = {"content":[{"letterId":4,"content":"쪽지 내용이와요4","writer":true,"createdAt":"2023-07-11T17:21:05.021+00:00"},{"letterId":3,"content":"쪽지 내용이와요3","writer":true,"createdAt":"2023-07-11T17:21:05.020+00:00"},{"letterId":2,"content":"쪽지 내용이와요2","writer":true,"createdAt":"2023-07-11T17:21:05.018+00:00"}],"pageable":{"sort":{"empty":false,"sorted":true,"unsorted":false},"offset":0,"pageSize":3,"pageNumber":0,"paged":true,"unpaged":false},"last":true,"totalPages":1,"totalElements":3,"size":3,"number":0,"sort":{"empty":false,"sorted":true,"unsorted":false},"first":true,"numberOfElements":3,"empty":false}
    Forwarded URL = null
   Redirected URL = null
          Cookies = []
시간차이(m) : 352
2023-07-12 02:21:05.219  INFO 7384 --- [    Test worker] o.s.t.c.transaction.TransactionContext   : Rolled back transaction for test: [DefaultTestContext@2baa8d82 testClass = ControllerTest, testInstance = com.theZ.dotoring.controller.ControllerTest@4bd1b07d, testMethod = Hello_Test@ControllerTest, testException = [null], mergedContextConfiguration = [WebMergedContextConfiguration@319dead1 testClass = ControllerTest, locations = '{}', classes = '{class com.theZ.dotoring.DotoringApplication}', contextInitializerClasses = '[]', activeProfiles = '{}', propertySourceLocations = '{}', propertySourceProperties = '{org.springframework.boot.test.context.SpringBootTestContextBootstrapper=true}', contextCustomizers = set[org.springframework.boot.test.autoconfigure.actuate.metrics.MetricsExportContextCustomizerFactory$DisableMetricExportContextCustomizer@6399551e, org.springframework.boot.test.autoconfigure.properties.PropertyMappingContextCustomizer@4b3fa0b3, org.springframework.boot.test.autoconfigure.web.servlet.WebDriverContextCustomizerFactory$Customizer@37091312, [ImportsContextCustomizer@791cbf87 key = [org.springframework.boot.test.autoconfigure.web.servlet.MockMvcAutoConfiguration, org.springframework.boot.test.autoconfigure.web.servlet.MockMvcWebClientAutoConfiguration, org.springframework.boot.test.autoconfigure.web.servlet.MockMvcWebDriverAutoConfiguration, org.springframework.boot.autoconfigure.security.oauth2.client.servlet.OAuth2ClientAutoConfiguration, org.springframework.boot.autoconfigure.security.oauth2.resource.servlet.OAuth2ResourceServerAutoConfiguration, org.springframework.boot.autoconfigure.security.servlet.SecurityAutoConfiguration, org.springframework.boot.autoconfigure.security.servlet.SecurityFilterAutoConfiguration, org.springframework.boot.autoconfigure.security.servlet.UserDetailsServiceAutoConfiguration, org.springframework.boot.test.autoconfigure.web.servlet.MockMvcSecurityConfiguration, org.springframework.boot.test.autoconfigure.web.reactive.WebTestClientAutoConfiguration]], org.springframework.boot.test.context.filter.ExcludeFilterContextCustomizer@6b3e12b5, org.springframework.boot.test.json.DuplicateJsonObjectContextCustomizerFactory$DuplicateJsonObjectContextCustomizer@61f05988, org.springframework.boot.test.mock.mockito.MockitoContextCustomizer@0, org.springframework.boot.test.web.client.TestRestTemplateContextCustomizer@47f4e407, org.springframework.boot.test.context.SpringBootTestArgs@1, org.springframework.boot.test.context.SpringBootTestWebEnvironment@242b836], resourceBasePath = 'src/main/webapp', contextLoader = 'org.springframework.boot.test.context.SpringBootContextLoader', parent = [null]], attributes = map['org.springframework.test.context.web.ServletTestExecutionListener.activateListener' -> true, 'org.springframework.test.context.web.ServletTestExecutionListener.populatedRequestContextHolder' -> true, 'org.springframework.test.context.web.ServletTestExecutionListener.resetRequestContextHolder' -> true, 'org.springframework.test.context.event.ApplicationEventsTestExecutionListener.recordApplicationEvents' -> false]]
]]></system-out>
  <system-err><![CDATA[]]></system-err>
</testsuite>
