<?xml version="1.0" encoding="UTF-8"?>
<testsuite name="com.theZ.dotoring.certification.FileUtilsTest" tests="1" skipped="0" failures="0" errors="0" timestamp="2023-06-29T14:32:22" hostname="hwangdaeseon-ui-MacBookPro.local" time="0.007">
  <properties/>
  <testcase name="extractExtTest()" classname="com.theZ.dotoring.certification.FileUtilsTest" time="0.007"/>
  <system-out><![CDATA[]]></system-out>
  <system-err><![CDATA[]]></system-err>
</testsuite>
