<?xml version="1.0" encoding="UTF-8"?>
<testsuite name="com.theZ.dotoring.mento.repository.MentoRepositoryTest" tests="1" skipped="0" failures="0" errors="0" timestamp="2023-06-26T01:08:21" hostname="hwangdaeseon-ui-MacBookPro.local" time="0.361">
  <properties/>
  <testcase name="증명서를 먼저 저장한 후에 멘토를 저장 - CascadeType.PERSIST 테스트" classname="com.theZ.dotoring.mento.repository.MentoRepositoryTest" time="0.361"/>
  <system-out><![CDATA[10:08:20.423 [Test worker] INFO org.springframework.test.context.support.AnnotationConfigContextLoaderUtils -- Could not detect default configuration classes for test class [com.theZ.dotoring.mento.repository.MentoRepositoryTest]: MentoRepositoryTest does not declare any static, non-private, non-final, nested classes annotated with @Configuration.
10:08:20.481 [Test worker] INFO org.springframework.boot.test.context.SpringBootTestContextBootstrapper -- Found @SpringBootConfiguration com.theZ.dotoring.DotoringApplication for test class com.theZ.dotoring.mento.repository.MentoRepositoryTest

  .   ____          _            __ _ _
 /\\ / ___'_ __ _ _(_)_ __  __ _ \ \ \ \
( ( )\___ | '_ | '_| | '_ \/ _` | \ \ \ \
 \\/  ___)| |_)| | | | | || (_| |  ) ) ) )
  '  |____| .__|_| |_|_| |_\__, | / / / /
 =========|_|==============|___/=/_/_/_/
 :: Spring Boot ::                (v3.1.1)

2023-06-26T10:08:20.645+09:00  INFO 2694 --- [    Test worker] c.t.d.m.repository.MentoRepositoryTest   : Starting MentoRepositoryTest using Java 17.0.6 with PID 2694 (started by hwangdaeseon in /Users/hwangdaeseon/Project/dotoring/Dotoring-BE)
2023-06-26T10:08:20.646+09:00  INFO 2694 --- [    Test worker] c.t.d.m.repository.MentoRepositoryTest   : No active profile set, falling back to 1 default profile: "default"
2023-06-26T10:08:20.807+09:00  INFO 2694 --- [    Test worker] .s.d.r.c.RepositoryConfigurationDelegate : Bootstrapping Spring Data JPA repositories in DEFAULT mode.
2023-06-26T10:08:20.840+09:00  INFO 2694 --- [    Test worker] .s.d.r.c.RepositoryConfigurationDelegate : Finished Spring Data repository scanning in 28 ms. Found 4 JPA repository interfaces.
2023-06-26T10:08:20.869+09:00  INFO 2694 --- [    Test worker] beddedDataSourceBeanFactoryPostProcessor : Replacing 'dataSource' DataSource bean with embedded version
2023-06-26T10:08:20.935+09:00  INFO 2694 --- [    Test worker] o.s.j.d.e.EmbeddedDatabaseFactory        : Starting embedded database: url='jdbc:h2:mem:12232370-b997-4624-a046-692909ced4cc;DB_CLOSE_DELAY=-1;DB_CLOSE_ON_EXIT=false', username='sa'
2023-06-26T10:08:21.064+09:00  INFO 2694 --- [    Test worker] o.hibernate.jpa.internal.util.LogHelper  : HHH000204: Processing PersistenceUnitInfo [name: default]
2023-06-26T10:08:21.091+09:00  INFO 2694 --- [    Test worker] org.hibernate.Version                    : HHH000412: Hibernate ORM core version 6.2.5.Final
2023-06-26T10:08:21.092+09:00  INFO 2694 --- [    Test worker] org.hibernate.cfg.Environment            : HHH000406: Using bytecode reflection optimizer
2023-06-26T10:08:21.148+09:00  INFO 2694 --- [    Test worker] o.h.b.i.BytecodeProviderInitiator        : HHH000021: Bytecode provider name : bytebuddy
2023-06-26T10:08:21.212+09:00  INFO 2694 --- [    Test worker] o.s.o.j.p.SpringPersistenceUnitInfo      : No LoadTimeWeaver setup: ignoring JPA class transformer
2023-06-26T10:08:21.351+09:00  INFO 2694 --- [    Test worker] o.h.b.i.BytecodeProviderInitiator        : HHH000021: Bytecode provider name : bytebuddy
2023-06-26T10:08:21.698+09:00  INFO 2694 --- [    Test worker] o.h.e.t.j.p.i.JtaPlatformInitiator       : HHH000490: Using JtaPlatform implementation: [org.hibernate.engine.transaction.jta.platform.internal.NoJtaPlatform]
2023-06-26T10:08:21.705+09:00 DEBUG 2694 --- [    Test worker] org.hibernate.SQL                        : 
    drop table if exists certification cascade 
Hibernate: 
    drop table if exists certification cascade 
2023-06-26T10:08:21.706+09:00 DEBUG 2694 --- [    Test worker] org.hibernate.SQL                        : 
    drop table if exists member cascade 
Hibernate: 
    drop table if exists member cascade 
2023-06-26T10:08:21.708+09:00 DEBUG 2694 --- [    Test worker] org.hibernate.SQL                        : 
    create table certification (
        delete_yn tinyint check (delete_yn between 0 and 1),
        created_at timestamp(6) not null,
        deleted_at timestamp(6),
        id bigint generated by default as identity,
        member_fk bigint,
        original_file_name varchar(255),
        save_file_name varchar(255),
        primary key (id)
    )
Hibernate: 
    create table certification (
        delete_yn tinyint check (delete_yn between 0 and 1),
        created_at timestamp(6) not null,
        deleted_at timestamp(6),
        id bigint generated by default as identity,
        member_fk bigint,
        original_file_name varchar(255),
        save_file_name varchar(255),
        primary key (id)
    )
2023-06-26T10:08:21.717+09:00 DEBUG 2694 --- [    Test worker] org.hibernate.SQL                        : 
    create table member (
        career_level bigint,
        created_at timestamp(6) not null,
        grade bigint,
        member_id bigint generated by default as identity,
        nickname varchar(8) unique,
        updated_at timestamp(6),
        login_id varchar(12) unique,
        password varchar(12),
        dtype varchar(31) not null,
        introduction varchar(100),
        mentoring_system varchar(300),
        preferred_mentoring varchar(300),
        company varchar(255),
        email varchar(255),
        job varchar(255),
        major varchar(255) check (major in ('가정교육과','간호학과','건축_도시설계전공','건축공학전공','건축디자인학과','건축학부','경영학부','경제학부','고분자융합소재공학부','교육학과','국악학과_가야금','국악학과_거문고','국악학과_국악성악전공','국악학과_국악작곡이론전공','국악학과_대금','국악학과_아쟁','국악학과_타악','국악학과_피리','국악학과_해금','국어교육과','국어국문학과','국제학부_영어학전공','국제학부_일본학전공','국제학부_중국학전공','글로벌비즈니스학부','기계공학부','기계설계공학과','기계시스템공학과','기관시스템공학과','냉동공조공학과','농생명화학과','농업경제학과','독일언어문학과','동물자원학부','디자인학과','멀티미디어전공','메카트로닉스공학과','문헌정보학과','문화관광경영학과','문화인류고고학과','문화콘텐츠학부','물류교통학과','물리교육과','물리학과','미술학과_공예전공','미술학과_서양화전공','미술학과_이론전공','미술학과_조소전공','미술학과_한국화전공','바이오에너지공학과','분자생명공학과','불어불문학과','빅데이터융합학과','사학과','사회학과','산림자원학과','산업공학과','산업기술융합공학과_야간','생명과학기술학부','생물공학과','생물교육과','생물학과','생활복지학과','석유화학소재공학')),
        profile_image varchar(255),
        school varchar(255),
        status varchar(255) check (status in ('ACTIVE','BAN','WAIT')),
        primary key (member_id)
    )
Hibernate: 
    create table member (
        career_level bigint,
        created_at timestamp(6) not null,
        grade bigint,
        member_id bigint generated by default as identity,
        nickname varchar(8) unique,
        updated_at timestamp(6),
        login_id varchar(12) unique,
        password varchar(12),
        dtype varchar(31) not null,
        introduction varchar(100),
        mentoring_system varchar(300),
        preferred_mentoring varchar(300),
        company varchar(255),
        email varchar(255),
        job varchar(255),
        major varchar(255) check (major in ('가정교육과','간호학과','건축_도시설계전공','건축공학전공','건축디자인학과','건축학부','경영학부','경제학부','고분자융합소재공학부','교육학과','국악학과_가야금','국악학과_거문고','국악학과_국악성악전공','국악학과_국악작곡이론전공','국악학과_대금','국악학과_아쟁','국악학과_타악','국악학과_피리','국악학과_해금','국어교육과','국어국문학과','국제학부_영어학전공','국제학부_일본학전공','국제학부_중국학전공','글로벌비즈니스학부','기계공학부','기계설계공학과','기계시스템공학과','기관시스템공학과','냉동공조공학과','농생명화학과','농업경제학과','독일언어문학과','동물자원학부','디자인학과','멀티미디어전공','메카트로닉스공학과','문헌정보학과','문화관광경영학과','문화인류고고학과','문화콘텐츠학부','물류교통학과','물리교육과','물리학과','미술학과_공예전공','미술학과_서양화전공','미술학과_이론전공','미술학과_조소전공','미술학과_한국화전공','바이오에너지공학과','분자생명공학과','불어불문학과','빅데이터융합학과','사학과','사회학과','산림자원학과','산업공학과','산업기술융합공학과_야간','생명과학기술학부','생물공학과','생물교육과','생물학과','생활복지학과','석유화학소재공학')),
        profile_image varchar(255),
        school varchar(255),
        status varchar(255) check (status in ('ACTIVE','BAN','WAIT')),
        primary key (member_id)
    )
2023-06-26T10:08:21.722+09:00 DEBUG 2694 --- [    Test worker] org.hibernate.SQL                        : 
    alter table if exists certification 
       add constraint FKnjd4m3yhnbp6foaw9xypg2nnr 
       foreign key (member_fk) 
       references member
Hibernate: 
    alter table if exists certification 
       add constraint FKnjd4m3yhnbp6foaw9xypg2nnr 
       foreign key (member_fk) 
       references member
2023-06-26T10:08:21.728+09:00  INFO 2694 --- [    Test worker] j.LocalContainerEntityManagerFactoryBean : Initialized JPA EntityManagerFactory for persistence unit 'default'
2023-06-26T10:08:21.940+09:00  INFO 2694 --- [    Test worker] c.t.d.m.repository.MentoRepositoryTest   : Started MentoRepositoryTest in 1.428 seconds (process running for 1.997)
2023-06-26T10:08:22.243+09:00 DEBUG 2694 --- [    Test worker] org.hibernate.SQL                        : 
    insert 
    into
        certification
        (created_at,delete_yn,deleted_at,member_fk,original_file_name,save_file_name,id) 
    values
        (?,?,?,?,?,?,default)
Hibernate: 
    insert 
    into
        certification
        (created_at,delete_yn,deleted_at,member_fk,original_file_name,save_file_name,id) 
    values
        (?,?,?,?,?,?,default)
2023-06-26T10:08:22.256+09:00 DEBUG 2694 --- [    Test worker] org.hibernate.SQL                        : 
    insert 
    into
        certification
        (created_at,delete_yn,deleted_at,member_fk,original_file_name,save_file_name,id) 
    values
        (?,?,?,?,?,?,default)
Hibernate: 
    insert 
    into
        certification
        (created_at,delete_yn,deleted_at,member_fk,original_file_name,save_file_name,id) 
    values
        (?,?,?,?,?,?,default)
2023-06-26T10:08:22.272+09:00 DEBUG 2694 --- [    Test worker] org.hibernate.SQL                        : 
    insert 
    into
        member
        (created_at,email,introduction,login_id,nickname,password,profile_image,status,updated_at,career_level,company,job,mentoring_system,dtype,member_id) 
    values
        (?,?,?,?,?,?,?,?,?,?,?,?,?,'O',default)
Hibernate: 
    insert 
    into
        member
        (created_at,email,introduction,login_id,nickname,password,profile_image,status,updated_at,career_level,company,job,mentoring_system,dtype,member_id) 
    values
        (?,?,?,?,?,?,?,?,?,?,?,?,?,'O',default)
]]></system-out>
  <system-err><![CDATA[]]></system-err>
</testsuite>
